#
# A fatal error has been detected by the Java Runtime Environment:
#
#  EXCEPTION_ACCESS_VIOLATION (0xc0000005) at pc=0x000001ae4d32100f, pid=32792, tid=16880
#
# JRE version: OpenJDK Runtime Environment Temurin-22.0.1+8 (22.0.1+8) (build 22.0.1+8)
# Java VM: OpenJDK 64-Bit Server VM Temurin-22.0.1+8 (22.0.1+8, mixed mode, emulated-client, tiered, compressed oops, compressed class ptrs, g1 gc, windows-amd64)
# Problematic frame:
# v  ~BufferBlob::MethodHandles adapters 0x000001ae4d32100f
#
# No core dump will be written. Minidumps are not enabled by default on client versions of Windows
#
# If you would like to submit a bug report, please visit:
#   https://github.com/adoptium/adoptium-support/issues
#

---------------  S U M M A R Y ------------

Command Line: -XX:+ShowCodeDetailsInExceptionMessages -agentlib:jdwp=transport=dt_socket,suspend=y,address=localhost:53287 -Dcom.sun.management.jmxremote -Dcom.sun.management.jmxremote.port=53286 -Dcom.sun.management.jmxremote.authenticate=false -Dcom.sun.management.jmxremote.ssl=false -Djava.rmi.server.hostname=localhost -Dspring.jmx.enabled=true -Dmanagement.endpoints.jmx.exposure.include=* -Dspring.application.admin.enabled=true -XX:TieredStopAtLevel=1 -Dspring.boot.project.name=TecnoDesk -javaagent:C:\Users\Odin\eclipse\java-2024-03\eclipse\configuration\org.eclipse.osgi\714\0\.cp\lib\javaagent-shaded.jar -Dfile.encoding=UTF-8 -Dstdout.encoding=UTF-8 -Dstderr.encoding=UTF-8 br.com.tecnoDesk.TecnoDesk.TecnoDeskApplication --spring.output.ansi.enabled=always

Host: Intel(R) Xeon(R) CPU E5-2640 v3 @ 2.60GHz, 16 cores, 23G,  Windows 10 , 64 bit Build 19041 (10.0.19041.5678)
Time: Thu Apr 17 13:43:12 2025 Hora oficial do Brasil elapsed time: 21.639249 seconds (0d 0h 0m 21s)

---------------  T H R E A D  ---------------

Current thread (0x000001ae60d3b510):  JavaThread "restartedMain"        [_thread_in_Java, id=16880, stack(0x00000074a0300000,0x00000074a0400000) (1024K)]

Stack: [0x00000074a0300000,0x00000074a0400000],  sp=0x00000074a03fd9a8,  free space=1014k
Native frames: (J=compiled Java code, j=interpreted, Vv=VM code, C=native code)
C  0x000001ae4d32100f  (no source info available)

The last pc belongs to _linkToSpecial (printed below).

siginfo: EXCEPTION_ACCESS_VIOLATION (0xc0000005), reading address 0xfffffffffffffff7


Registers:
RAX=0x000001ae4d2f90e6, RBX=0x0000000687773850, RCX=0xfffffffffffffff7, RDX=0x0000000000000002
RSP=0x00000074a03fd9a8, RBP=0x00000074a03fd9f8, RSI=0x000001ae62f0bf08, RDI=0x000001ae62421c80
R8 =0x0000000000000004, R9 =0x0000000000000004, R10=0x00007ffc2928fd80, R11=0x000001ae5c3d2898
R12=0x0000000000000000, R13=0x00000074a03fd9a8, R14=0x00000074a03fda18, R15=0x000001ae60d3b510
RIP=0x000001ae4d32100f, EFLAGS=0x0000000000010202


Register to memory mapping:

RAX=0x000001ae4d2f90e6 is at code_begin+3174 in an Interpreter codelet
return entry points  [0x000001ae4d2f8480, 0x000001ae4d2fa388]  7944 bytes
RBX=0x0000000687773850 is an oop: br.com.tecnoDesk.TecnoDesk.Services.OrcamentoService 
{0x0000000687773850} - klass: 'br/com/tecnoDesk/TecnoDesk/Services/OrcamentoService'
 - ---- fields (total size 5 words):
 - 'secUtil' 'Lbr/com/tecnoDesk/TecnoDesk/Component/EncryptionUtil;' @12  null (0x00000000)
 - 'decriptService' 'Lbr/com/tecnoDesk/TecnoDesk/Services/DecriptService;' @16  null (0x00000000)
 - 'modelMapper' 'Lorg/modelmapper/ModelMapper;' @20  null (0x00000000)
 - 'repository' 'Lbr/com/tecnoDesk/TecnoDesk/Repository/OrcamentoRepository;' @24  null (0x00000000)
 - 'empresaRepository' 'Lbr/com/tecnoDesk/TecnoDesk/Repository/EmpresaRepository;' @28  null (0x00000000)
 - 'osRepository' 'Lbr/com/tecnoDesk/TecnoDesk/Repository/OsRepository;' @32  null (0x00000000)
 - 'orcamentoRepository' 'Lbr/com/tecnoDesk/TecnoDesk/Repository/OrcamentoItemRepository;' @36  null (0x00000000)
RCX=0xfffffffffffffff7 is an unknown value
RDX=0x0000000000000002 is an unknown value
RSP=0x00000074a03fd9a8 is pointing into the stack for thread: 0x000001ae60d3b510
RBP=0x00000074a03fd9f8 is pointing into the stack for thread: 0x000001ae60d3b510
RSI=0x000001ae62f0bf08 points into unknown readable memory: 0x800003aeeac9ce74 | 74 ce c9 ea ae 03 00 80
RDI=0x000001ae62421c80 points into unknown readable memory: 0x0000001800000070 | 70 00 00 00 18 00 00 00
R8 =0x0000000000000004 is an unknown value
R9 =0x0000000000000004 is an unknown value
R10=0x00007ffc2928fd80 jvm.dll
R11={method} {0x000001ae5c3d28a0} 'newInvokeSpecial' '(Ljava/lang/Object;)Ljava/lang/Object;' in 'java/lang/invoke/DirectMethodHandle$Holder'
R12=0x0 is null
R13=0x00000074a03fd9a8 is pointing into the stack for thread: 0x000001ae60d3b510
R14=0x00000074a03fda18 is pointing into the stack for thread: 0x000001ae60d3b510
R15=0x000001ae60d3b510 is a thread

Top of Stack: (sp=0x00000074a03fd9a8)
0x00000074a03fd9a8:   000001ae4d2f90e6 fffffffffffffff7
0x00000074a03fd9b8:   000001ae5c3d2887 0000000000000004
0x00000074a03fd9c8:   000001ae5c3d7408 0000000000000000
0x00000074a03fd9d8:   00000006827ab2b0 000001ae5c3d2898
0x00000074a03fd9e8:   fffffffffffffff6 00000074a03fda20
0x00000074a03fd9f8:   00000074a03fdd88 000001ae4d725e8b
0x00000074a03fda08:   00000006877737a8 0000000687773850
0x00000074a03fda18:   0000000687773808 00000074a03fdd88
0x00000074a03fda28:   000001ae4d7245b4 0000000000000000
0x00000074a03fda38:   0000000000000000 00000074a03fdd88
0x00000074a03fda48:   000001ae4dd539fc 0000000000000000
0x00000074a03fda58:   0000000000000000 0000000000000000
0x00000074a03fda68:   0000000000000000 0000000000000000
0x00000074a03fda78:   0000000000000000 0000000000000000
0x00000074a03fda88:   0000000000000000 0000000000000000
0x00000074a03fda98:   0000000000000000 00000006829949c8
0x00000074a03fdaa8:   0000000683141268 0000000687773430
0x00000074a03fdab8:   0000000687773430 0000000687773838
0x00000074a03fdac8:   00000006877735c0 0000000000000000
0x00000074a03fdad8:   0000000000000c00 00000074a03fdd88
0x00000074a03fdae8:   000001ae00000000 0000000000000000
0x00000074a03fdaf8:   0000000000000000 0000000687773808
0x00000074a03fdb08:   000001ae4d7238dc 0000000000000000
0x00000074a03fdb18:   0000000000000000 0000000000000000
0x00000074a03fdb28:   0000000000000000 000001ae60d3b510
0x00000074a03fdb38:   0000000000000000 0000000687773568
0x00000074a03fdb48:   0000000000000000 0000000687773430
0x00000074a03fdb58:   0000000687773838 0000000687773568
0x00000074a03fdb68:   0000000000000000 00000074a03fdd00
0x00000074a03fdb78:   000001ae4d7253ec 00000074a03fdd88
0x00000074a03fdb88:   000001ae4d72254a 0000000000000000
0x00000074a03fdb98:   000001ae4d5d5901 00000074a03fdc30 

Instructions: (pc=0x000001ae4d32100f)
0x000001ae4d320f0f:   90 66 66 66 0f 1f 84 00 00 00 00 00 66 66 66 90
0x000001ae4d320f1f:   90 48 8b 53 08 0f b7 52 2e 48 8b 0c d4 8b 59 14
0x000001ae4d320f2f:   48 c1 e3 03 8b 5b 28 48 c1 e3 03 8b 5b 24 48 c1
0x000001ae4d320f3f:   e3 03 48 8b 5b 10 48 85 db 0f 84 10 00 00 00 41
0x000001ae4d320f4f:   80 bf e8 05 00 00 00 74 03 ff 63 38 ff 63 50 e9
0x000001ae4d320f5f:   9d 16 00 00 66 66 66 0f 1f 84 00 00 00 00 00 66
0x000001ae4d320f6f:   66 66 90 66 66 0f 1f 84 00 00 00 00 00 66 66 66
0x000001ae4d320f7f:   90 48 8b 53 08 0f b7 52 2e 48 8b 0c d4 58 5b 50
0x000001ae4d320f8f:   44 8b 51 08 4c 8b 5b 10 4b 8b 9c da c8 01 00 00
0x000001ae4d320f9f:   48 85 db 0f 84 10 00 00 00 41 80 bf e8 05 00 00
0x000001ae4d320faf:   00 74 03 ff 63 38 ff 63 50 e9 43 16 00 00 66 66
0x000001ae4d320fbf:   90 58 5b 50 8b 5b 24 48 c1 e3 03 48 8b 5b 10 48
0x000001ae4d320fcf:   85 db 0f 84 10 00 00 00 41 80 bf e8 05 00 00 00
0x000001ae4d320fdf:   74 03 ff 63 38 ff 63 50 e9 14 16 00 00 66 66 66
0x000001ae4d320fef:   0f 1f 84 00 00 00 00 00 66 66 66 90 0f 1f 44 00
0x000001ae4d320fff:   00 48 8b 53 08 0f b7 52 2e 48 8b 0c d4 58 5b 50
0x000001ae4d32100f:   48 3b 01 8b 5b 24 48 c1 e3 03 48 8b 5b 10 48 85
0x000001ae4d32101f:   db 0f 84 10 00 00 00 41 80 bf e8 05 00 00 00 74
0x000001ae4d32102f:   03 ff 63 38 ff 63 50 e9 c5 15 00 00 0f 1f 44 00
0x000001ae4d32103f:   00 48 8b 53 08 0f b7 52 2e 48 8b 0c d4 58 5b 50
0x000001ae4d32104f:   44 8b 51 08 8b 43 18 48 c1 e0 03 48 8b 40 10 48
0x000001ae4d32105f:   8b 5b 10 45 8b 9a a0 00 00 00 4f 8d 9c da c8 01
0x000001ae4d32106f:   00 00 4d 8d 14 da 49 8b 1b 48 3b c3 74 15 48 85
0x000001ae4d32107f:   db 0f 84 32 00 00 00 49 83 c3 10 49 8b 1b 48 3b
0x000001ae4d32108f:   c3 75 eb 45 8b 5b 08 4b 8b 1c 1a 48 85 db 0f 84
0x000001ae4d32109f:   10 00 00 00 41 80 bf e8 05 00 00 00 74 03 ff 63
0x000001ae4d3210af:   38 ff 63 50 e9 48 15 00 00 e9 43 12 00 00 f4 00
0x000001ae4d3210bf:   00 00 00 00 00 00 00 00 00 00 00 00 00 00 00 00
0x000001ae4d3210cf:   00 00 00 00 00 00 00 00 00 00 00 00 00 00 00 00
0x000001ae4d3210df:   00 00 00 00 00 00 00 00 00 00 00 00 00 00 00 00
0x000001ae4d3210ef:   00 00 00 00 00 00 00 00 00 00 00 00 00 00 00 00
0x000001ae4d3210ff:   00 00 00 00 00 00 00 00 00 00 00 00 00 00 00 00 


Stack slot to memory mapping:

stack at sp + 0 slots: 0x000001ae4d2f90e6 is at code_begin+3174 in an Interpreter codelet
return entry points  [0x000001ae4d2f8480, 0x000001ae4d2fa388]  7944 bytes
stack at sp + 1 slots: 0xfffffffffffffff7 is an unknown value
stack at sp + 2 slots: 0x000001ae5c3d2887 is pointing into metadata
stack at sp + 3 slots: 0x0000000000000004 is an unknown value
stack at sp + 4 slots: 0x000001ae5c3d7408 is pointing into metadata
stack at sp + 5 slots: 0x0 is null
stack at sp + 6 slots: 0x00000006827ab2b0 is an oop: java.lang.Class 
{0x00000006827ab2b0} - klass: 'java/lang/Class'
 - ---- fields (total size 14 words):
 - private volatile transient 'classRedefinedCount' 'I' @12  0 (0x00000000)
 - injected 'klass' 'J' @16  218313760 (0x000000000d033420)
 - injected 'array_klass' 'J' @24  0 (0x0000000000000000)
 - injected 'oop_size' 'I' @32  14 (0x0000000e)
 - injected 'static_oop_field_count' 'I' @36  0 (0x00000000)
 - private volatile transient 'cachedConstructor' 'Ljava/lang/reflect/Constructor;' @40  null (0x00000000)
 - private transient 'name' 'Ljava/lang/String;' @44  null (0x00000000)
 - private transient 'module' 'Ljava/lang/Module;' @48  a 'java/lang/Module'{0x0000000682787a40} (0xd04f0f48)
 - private final 'classLoader' 'Ljava/lang/ClassLoader;' @52  null (0x00000000)
 - private transient 'classData' 'Ljava/lang/Object;' @56  null (0x00000000)
 - private transient 'packageName' 'Ljava/lang/String;' @60  null (0x00000000)
 - private final 'componentType' 'Ljava/lang/Class;' @64  null (0x00000000)
 - private volatile transient 'reflectionData' 'Ljava/lang/ref/SoftReference;' @68  null (0x00000000)
 - private volatile transient 'genericInfo' 'Lsun/reflect/generics/repository/ClassRepository;' @72  null (0x00000000)
 - private volatile transient 'enumConstants' '[Ljava/lang/Object;' @76  null (0x00000000)
 - private volatile transient 'enumConstantDirectory' 'Ljava/util/Map;' @80  null (0x00000000)
 - private volatile transient 'annotationData' 'Ljava/lang/Class$AnnotationData;' @84  null (0x00000000)
 - private volatile transient 'annotationType' 'Lsun/reflect/annotation/AnnotationType;' @88  null (0x00000000)
 - transient 'classValueMap' 'Ljava/lang/ClassValue$ClassValueMap;' @92  null (0x00000000)
 - injected 'protection_domain' 'Ljava/lang/Object;' @96  null (0x00000000)
 - injected 'signers_name' 'Ljava/lang/Object;' @100  null (0x00000000)
 - injected 'source_file' 'Ljava/lang/Object;' @104  null (0x00000000)
 - signature: Ljava/lang/invoke/DirectMethodHandle$Holder;
 - ---- static fields (0):
stack at sp + 7 slots: {method} {0x000001ae5c3d28a0} 'newInvokeSpecial' '(Ljava/lang/Object;)Ljava/lang/Object;' in 'java/lang/invoke/DirectMethodHandle$Holder'

MethodHandle::interpreter_entry::_linkToSpecial [0x000001ae4d320fec, 0x000001ae4d32103b] (79 bytes)
[MachCode]
  0x000001ae4d320fec: 6666 660f | 1f84 0000 | 0000 0066 | 6666 900f | 1f44 0000 | 488b 5308 | 0fb7 522e | 488b 0cd4 
  0x000001ae4d32100c: 585b 5048 | 3b01 8b5b | 2448 c1e3 | 0348 8b5b | 1048 85db | 0f84 1000 | 0000 4180 | bfe8 0500 
  0x000001ae4d32102c: 0000 7403 | ff63 38ff | 6350 e9c5 | 
[/MachCode]

---------------  P R O C E S S  ---------------

Threads class SMR info:
_java_thread_list=0x000001ae60741b80, length=27, elements={
0x000001ae4980cb60, 0x000001ae5b203c50, 0x000001ae5b204420, 0x000001ae5b1e3e80,
0x000001ae5b210fb0, 0x000001ae5b211a10, 0x000001ae5b212470, 0x000001ae5b20f160,
0x000001ae5b3372e0, 0x000001ae5b498010, 0x000001ae5b4c16a0, 0x000001ae5b4c4260,
0x000001ae604a98c0, 0x000001ae607a0040, 0x000001ae607d2060, 0x000001ae607fcb40,
0x000001ae60823120, 0x000001ae6087e720, 0x000001ae60891ee0, 0x000001ae60a4cd70,
0x000001ae60d3ae80, 0x000001ae60d3b510, 0x000001ae60d3c8c0, 0x000001ae60d39ad0,
0x000001ae60c9d520, 0x000001ae60c9dbb0, 0x000001ae60ca09a0
}

Java Threads: ( => current thread )
  0x000001ae4980cb60 JavaThread "main"                              [_thread_blocked, id=29060, stack(0x000000749d700000,0x000000749d800000) (1024K)]
  0x000001ae5b203c50 JavaThread "Reference Handler"          daemon [_thread_blocked, id=35364, stack(0x000000749df00000,0x000000749e000000) (1024K)]
  0x000001ae5b204420 JavaThread "Finalizer"                  daemon [_thread_blocked, id=33776, stack(0x000000749e000000,0x000000749e100000) (1024K)]
  0x000001ae5b1e3e80 JavaThread "Signal Dispatcher"          daemon [_thread_blocked, id=20596, stack(0x000000749e100000,0x000000749e200000) (1024K)]
  0x000001ae5b210fb0 JavaThread "Attach Listener"            daemon [_thread_blocked, id=10792, stack(0x000000749e200000,0x000000749e300000) (1024K)]
  0x000001ae5b211a10 JavaThread "Service Thread"             daemon [_thread_blocked, id=26292, stack(0x000000749e300000,0x000000749e400000) (1024K)]
  0x000001ae5b212470 JavaThread "Monitor Deflation Thread"   daemon [_thread_blocked, id=26496, stack(0x000000749e400000,0x000000749e500000) (1024K)]
  0x000001ae5b20f160 JavaThread "C1 CompilerThread0"         daemon [_thread_blocked, id=31108, stack(0x000000749e500000,0x000000749e600000) (1024K)]
  0x000001ae5b3372e0 JavaThread "Common-Cleaner"             daemon [_thread_blocked, id=20768, stack(0x000000749e600000,0x000000749e700000) (1024K)]
  0x000001ae5b498010 JavaThread "JDWP Transport Listener: dt_socket" daemon [_thread_blocked, id=8608, stack(0x000000749e900000,0x000000749ea00000) (1024K)]
  0x000001ae5b4c16a0 JavaThread "JDWP Event Helper Thread"   daemon [_thread_blocked, id=19920, stack(0x000000749ea00000,0x000000749eb00000) (1024K)]
  0x000001ae5b4c4260 JavaThread "JDWP Command Reader"        daemon [_thread_in_native, id=19432, stack(0x000000749eb00000,0x000000749ec00000) (1024K)]
  0x000001ae604a98c0 JavaThread "Notification Thread"        daemon [_thread_blocked, id=32808, stack(0x000000749ec00000,0x000000749ed00000) (1024K)]
  0x000001ae607a0040 JavaThread "RMI TCP Accept-0"           daemon [_thread_in_native, id=32860, stack(0x000000749ef00000,0x000000749f000000) (1024K)]
  0x000001ae607d2060 JavaThread "RMI TCP Accept-53286"       daemon [_thread_in_native, id=5888, stack(0x000000749f800000,0x000000749f900000) (1024K)]
  0x000001ae607fcb40 JavaThread "RMI TCP Connection(1)-127.0.0.1" daemon [_thread_in_native, id=32116, stack(0x000000749f900000,0x000000749fa00000) (1024K)]
  0x000001ae60823120 JavaThread "RMI TCP Accept-0"           daemon [_thread_in_native, id=33012, stack(0x000000749fa00000,0x000000749fb00000) (1024K)]
  0x000001ae6087e720 JavaThread "RMI Scheduler(0)"           daemon [_thread_blocked, id=28604, stack(0x000000749fb00000,0x000000749fc00000) (1024K)]
  0x000001ae60891ee0 JavaThread "RMI TCP Connection(2)-127.0.0.1" daemon [_thread_in_native, id=9484, stack(0x000000749fc00000,0x000000749fd00000) (1024K)]
  0x000001ae60a4cd70 JavaThread "JMX server connection timeout 47" daemon [_thread_blocked, id=31136, stack(0x000000749fd00000,0x000000749fe00000) (1024K)]
  0x000001ae60d3ae80 JavaThread "Thread-0"                          [_thread_blocked, id=12848, stack(0x00000074a0200000,0x00000074a0300000) (1024K)]
=>0x000001ae60d3b510 JavaThread "restartedMain"                     [_thread_in_Java, id=16880, stack(0x00000074a0300000,0x00000074a0400000) (1024K)]
  0x000001ae60d3c8c0 JavaThread "PostgreSQL-JDBC-Cleaner"    daemon [_thread_blocked, id=19360, stack(0x00000074a0700000,0x00000074a0800000) (1024K)]
  0x000001ae60d39ad0 JavaThread "HikariPool-1 housekeeper"   daemon [_thread_blocked, id=30956, stack(0x00000074a0800000,0x00000074a0900000) (1024K)]
  0x000001ae60c9d520 JavaThread "Catalina-utility-1"                [_thread_blocked, id=1184, stack(0x00000074a0f00000,0x00000074a1000000) (1024K)]
  0x000001ae60c9dbb0 JavaThread "Catalina-utility-2"                [_thread_blocked, id=30096, stack(0x00000074a1000000,0x00000074a1100000) (1024K)]
  0x000001ae60ca09a0 JavaThread "container-0"                       [_thread_blocked, id=17356, stack(0x00000074a1100000,0x00000074a1200000) (1024K)]
Total: 27

Other Threads:
  0x000001ae5aadea50 VMThread "VM Thread"                           [id=33316, stack(0x000000749de00000,0x000000749df00000) (1024K)] _threads_hazard_ptr=0x000001ae60741b80
  0x000001ae5aa8b230 WatcherThread "VM Periodic Task Thread"        [id=32560, stack(0x000000749dd00000,0x000000749de00000) (1024K)]
  0x000001ae49891a70 WorkerThread "GC Thread#0"                     [id=5912, stack(0x000000749d800000,0x000000749d900000) (1024K)]
  0x000001ae607a1790 WorkerThread "GC Thread#1"                     [id=19204, stack(0x000000749f000000,0x000000749f100000) (1024K)]
  0x000001ae607a1b40 WorkerThread "GC Thread#2"                     [id=12632, stack(0x000000749f100000,0x000000749f200000) (1024K)]
  0x000001ae607a2300 WorkerThread "GC Thread#3"                     [id=33488, stack(0x000000749f200000,0x000000749f300000) (1024K)]
  0x000001ae607a26b0 WorkerThread "GC Thread#4"                     [id=12308, stack(0x000000749f300000,0x000000749f400000) (1024K)]
  0x000001ae607a3280 WorkerThread "GC Thread#5"                     [id=17364, stack(0x000000749f400000,0x000000749f500000) (1024K)]
  0x000001ae607a3b50 WorkerThread "GC Thread#6"                     [id=33436, stack(0x000000749f500000,0x000000749f600000) (1024K)]
  0x000001ae607a3f00 WorkerThread "GC Thread#7"                     [id=32964, stack(0x000000749f600000,0x000000749f700000) (1024K)]
  0x000001ae607a46c0 WorkerThread "GC Thread#8"                     [id=25212, stack(0x000000749f700000,0x000000749f800000) (1024K)]
  0x000001ae60dabb80 WorkerThread "GC Thread#9"                     [id=10136, stack(0x000000749fe00000,0x000000749ff00000) (1024K)]
  0x000001ae60dad3e0 WorkerThread "GC Thread#10"                    [id=34948, stack(0x000000749ff00000,0x00000074a0000000) (1024K)]
  0x000001ae60db2460 WorkerThread "GC Thread#11"                    [id=15728, stack(0x00000074a0000000,0x00000074a0100000) (1024K)]
  0x000001ae60db3e80 WorkerThread "GC Thread#12"                    [id=13572, stack(0x00000074a0100000,0x00000074a0200000) (1024K)]
  0x000001ae4989f050 ConcurrentGCThread "G1 Main Marker"            [id=11420, stack(0x000000749d900000,0x000000749da00000) (1024K)]
  0x000001ae498a13d0 WorkerThread "G1 Conc#0"                       [id=26644, stack(0x000000749da00000,0x000000749db00000) (1024K)]
  0x000001ae60db3ad0 WorkerThread "G1 Conc#1"                       [id=18692, stack(0x00000074a0400000,0x00000074a0500000) (1024K)]
  0x000001ae60db3370 WorkerThread "G1 Conc#2"                       [id=18836, stack(0x00000074a0500000,0x00000074a0600000) (1024K)]
  0x000001ae5a95e510 ConcurrentGCThread "G1 Refine#0"               [id=31480, stack(0x000000749db00000,0x000000749dc00000) (1024K)]
  0x000001ae5a95efa0 ConcurrentGCThread "G1 Service"                [id=8420, stack(0x000000749dc00000,0x000000749dd00000) (1024K)]
Total: 21

Threads with active compile tasks:
Total: 0

VM state: synchronizing (normal execution)

VM Mutex/Monitor currently owned by a thread:  ([mutex/lock_event])
[0x00007ffc2927ffa8] Threads_lock - owner thread: 0x000001ae5aadea50

Heap address: 0x0000000682400000, size: 6108 MB, Compressed Oops mode: Zero based, Oop shift amount: 3

CDS archive(s) not mapped
Compressed class space mapped at: 0x000000000d000000-0x000000004d000000, reserved size: 1073741824
Narrow klass base: 0x0000000000000000, Narrow klass shift: 0, Narrow klass range: 0x4d000000

GC Precious Log:
 CardTable entry size: 512
 Card Set container configuration: InlinePtr #cards 4 size 8 Array Of Cards #cards 32 size 80 Howl #buckets 8 coarsen threshold 7372 Howl Bitmap #cards 1024 size 144 coarsen threshold 921 Card regions per heap region 1 cards per card region 8192
 CPUs: 16 total, 16 available
 Memory: 24417M
 Large Page Support: Disabled
 NUMA Support: Disabled
 Compressed Oops: Enabled (Zero based)
 Heap Region Size: 4M
 Heap Min Capacity: 8M
 Heap Initial Capacity: 384M
 Heap Max Capacity: 6108M
 Pre-touch: Disabled
 Parallel Workers: 13
 Concurrent Workers: 3
 Concurrent Refinement Workers: 13
 Periodic GC: Disabled

Heap:
 garbage-first heap   total reserved 6254592K, committed 110592K, used 61277K [0x0000000682400000, 0x0000000800000000)
  region size 4096K, 10 young (40960K), 2 survivors (8192K)
 Metaspace       used 76600K, committed 77376K, reserved 1179648K
  class space    used 10529K, committed 10880K, reserved 1048576K

Heap Regions: E=young(eden), S=young(survivor), O=old, HS=humongous(starts), HC=humongous(continues), CS=collection set, F=free, TAMS=top-at-mark-start, PB=parsable bottom
|   0|0x0000000682400000, 0x0000000682800000, 0x0000000682800000|100%| O|  |TAMS 0x0000000682400000| PB 0x0000000682400000| Untracked |  0
|   1|0x0000000682800000, 0x0000000682b9ef28, 0x0000000682c00000| 90%| O|  |TAMS 0x0000000682800000| PB 0x0000000682800000| Untracked |  0
|   2|0x0000000682c00000, 0x0000000683000000, 0x0000000683000000|100%| O|  |TAMS 0x0000000682c00000| PB 0x0000000682c00000| Untracked |  0
|   3|0x0000000683000000, 0x0000000683400000, 0x0000000683400000|100%| O|  |TAMS 0x0000000683000000| PB 0x0000000683000000| Untracked |  0
|   4|0x0000000683400000, 0x0000000683800000, 0x0000000683800000|100%| O|  |TAMS 0x0000000683400000| PB 0x0000000683400000| Untracked |  0
|   5|0x0000000683800000, 0x0000000683b738e8, 0x0000000683c00000| 86%| O|  |TAMS 0x0000000683800000| PB 0x0000000683800000| Untracked |  0
|   6|0x0000000683c00000, 0x0000000684000000, 0x0000000684000000|100%| O|  |TAMS 0x0000000683c00000| PB 0x0000000683c00000| Untracked |  0
|   7|0x0000000684000000, 0x0000000684000000, 0x0000000684400000|  0%| F|  |TAMS 0x0000000684000000| PB 0x0000000684000000| Untracked |  0
|   8|0x0000000684400000, 0x0000000684400000, 0x0000000684800000|  0%| F|  |TAMS 0x0000000684400000| PB 0x0000000684400000| Untracked |  0
|   9|0x0000000684800000, 0x0000000684800000, 0x0000000684c00000|  0%| F|  |TAMS 0x0000000684800000| PB 0x0000000684800000| Untracked |  0
|  10|0x0000000684c00000, 0x0000000684c00000, 0x0000000685000000|  0%| F|  |TAMS 0x0000000684c00000| PB 0x0000000684c00000| Untracked |  0
|  11|0x0000000685000000, 0x00000006850c4e00, 0x0000000685400000| 19%| S|CS|TAMS 0x0000000685000000| PB 0x0000000685000000| Complete |  0
|  12|0x0000000685400000, 0x0000000685800000, 0x0000000685800000|100%| S|CS|TAMS 0x0000000685400000| PB 0x0000000685400000| Complete |  0
|  13|0x0000000685800000, 0x0000000685800000, 0x0000000685c00000|  0%| F|  |TAMS 0x0000000685800000| PB 0x0000000685800000| Untracked |  0
|  14|0x0000000685c00000, 0x0000000685c00000, 0x0000000686000000|  0%| F|  |TAMS 0x0000000685c00000| PB 0x0000000685c00000| Untracked |  0
|  15|0x0000000686000000, 0x0000000686000000, 0x0000000686400000|  0%| F|  |TAMS 0x0000000686000000| PB 0x0000000686000000| Untracked |  0
|  16|0x0000000686400000, 0x0000000686400000, 0x0000000686800000|  0%| F|  |TAMS 0x0000000686400000| PB 0x0000000686400000| Untracked |  0
|  17|0x0000000686800000, 0x0000000686800000, 0x0000000686c00000|  0%| F|  |TAMS 0x0000000686800000| PB 0x0000000686800000| Untracked |  0
|  18|0x0000000686c00000, 0x0000000686c00000, 0x0000000687000000|  0%| F|  |TAMS 0x0000000686c00000| PB 0x0000000686c00000| Untracked |  0
|  19|0x0000000687000000, 0x0000000687112030, 0x0000000687400000| 26%| E|  |TAMS 0x0000000687000000| PB 0x0000000687000000| Complete |  0
|  20|0x0000000687400000, 0x0000000687800000, 0x0000000687800000|100%| E|CS|TAMS 0x0000000687400000| PB 0x0000000687400000| Complete |  0
|  21|0x0000000687800000, 0x0000000687c00000, 0x0000000687c00000|100%| E|CS|TAMS 0x0000000687800000| PB 0x0000000687800000| Complete |  0
|  22|0x0000000687c00000, 0x0000000688000000, 0x0000000688000000|100%| E|CS|TAMS 0x0000000687c00000| PB 0x0000000687c00000| Complete |  0
|  45|0x000000068d800000, 0x000000068dc00000, 0x000000068dc00000|100%| E|CS|TAMS 0x000000068d800000| PB 0x000000068d800000| Complete |  0
|  46|0x000000068dc00000, 0x000000068e000000, 0x000000068e000000|100%| E|CS|TAMS 0x000000068dc00000| PB 0x000000068dc00000| Complete |  0
|  47|0x000000068e000000, 0x000000068e400000, 0x000000068e400000|100%| E|CS|TAMS 0x000000068e000000| PB 0x000000068e000000| Complete |  0
|  95|0x000000069a000000, 0x000000069a400000, 0x000000069a400000|100%| E|CS|TAMS 0x000000069a000000| PB 0x000000069a000000| Complete |  0

Card table byte_map: [0x000001ae51560000,0x000001ae52150000] _byte_map_base: 0x000001ae4e14e000

Marking Bits: (CMBitMap*) 0x000001ae498928a0
 Bits: [0x000001ae52150000, 0x000001ae580c0000)

Polling page: 0x000001ae475d0000

Metaspace:

Usage:
  Non-class:     64.52 MB used.
      Class:     10.28 MB used.
       Both:     74.81 MB used.

Virtual space:
  Non-class space:      128.00 MB reserved,      64.94 MB ( 51%) committed,  2 nodes.
      Class space:        1.00 GB reserved,      10.62 MB (  1%) committed,  1 nodes.
             Both:        1.12 GB reserved,      75.56 MB (  7%) committed. 

Chunk freelists:
   Non-Class:  15.09 MB
       Class:  5.22 MB
        Both:  20.32 MB

MaxMetaspaceSize: unlimited
CompressedClassSpaceSize: 1.00 GB
Initial GC threshold: 21.00 MB
Current GC threshold: 114.62 MB
CDS: off
 - commit_granule_bytes: 65536.
 - commit_granule_words: 8192.
 - virtual_space_node_default_size: 8388608.
 - enlarge_chunks_in_place: 1.
 - use_allocation_guard: 0.


Internal statistics:

num_allocs_failed_limit: 11.
num_arena_births: 998.
num_arena_deaths: 22.
num_vsnodes_births: 3.
num_vsnodes_deaths: 0.
num_space_committed: 1209.
num_space_uncommitted: 0.
num_chunks_returned_to_freelist: 37.
num_chunks_taken_from_freelist: 3355.
num_chunk_merges: 11.
num_chunk_splits: 2426.
num_chunks_enlarged: 1870.
num_inconsistent_stats: 0.

CodeCache: size=49152Kb used=12606Kb max_used=17608Kb free=36545Kb
 bounds [0x000001ae4d2f0000, 0x000001ae4e430000, 0x000001ae502f0000]
 total_blobs=7474 nmethods=6761 adapters=636
 compilation: enabled
              stopped_count=0, restarted_count=0
 full_count=0

Compilation events (20 events):
Event: 16.199 Thread 0x000001ae5b20f160 7255       1       java.util.concurrent.TimeUnit::toNanos (45 bytes)
Event: 16.199 Thread 0x000001ae5b20f160 nmethod 7255 0x000001ae4e105d90 code [0x000001ae4e105f40, 0x000001ae4e1060d8]
Event: 16.200 Thread 0x000001ae5b20f160 7256   !   1       java.io.ObjectInputStream$BlockDataInputStream::readUTFSpan (502 bytes)
Event: 16.202 Thread 0x000001ae5b20f160 nmethod 7256 0x000001ae4e104590 code [0x000001ae4e104820, 0x000001ae4e1052b0]
Event: 16.202 Thread 0x000001ae5b20f160 7258       1       java.io.ObjectStreamClass::writeNonProxy (161 bytes)
Event: 16.204 Thread 0x000001ae5b20f160 nmethod 7258 0x000001ae4e103390 code [0x000001ae4e103620, 0x000001ae4e103da8]
Event: 16.204 Thread 0x000001ae5b20f160 7257       1       java.io.ObjectOutputStream::writeNonProxyDesc (109 bytes)
Event: 16.206 Thread 0x000001ae5b20f160 nmethod 7257 0x000001ae4e102790 code [0x000001ae4e1029e0, 0x000001ae4e102f08]
Event: 16.206 Thread 0x000001ae5b20f160 7259       1       java.io.ObjectOutputStream::isCustomSubclass (21 bytes)
Event: 16.206 Thread 0x000001ae5b20f160 nmethod 7259 0x000001ae4e102410 code [0x000001ae4e1025a0, 0x000001ae4e1026a0]
Event: 16.705 Thread 0x000001ae5b20f160 7260       1       sun.rmi.server.MarshalOutputStream::annotateClass (9 bytes)
Event: 16.706 Thread 0x000001ae5b20f160 nmethod 7260 0x000001ae4e102010 code [0x000001ae4e1021c0, 0x000001ae4e1022e0]
Event: 16.706 Thread 0x000001ae5b20f160 7261       1       java.rmi.server.RMIClassLoader::getClassAnnotation (8 bytes)
Event: 16.706 Thread 0x000001ae5b20f160 nmethod 7261 0x000001ae4e101d10 code [0x000001ae4e101ea0, 0x000001ae4e101f68]
Event: 16.706 Thread 0x000001ae5b20f160 7262       1       java.rmi.server.RMIClassLoader$2::getClassAnnotation (5 bytes)
Event: 16.706 Thread 0x000001ae5b20f160 nmethod 7262 0x000001ae4e101a10 code [0x000001ae4e101ba0, 0x000001ae4e101c90]
Event: 16.706 Thread 0x000001ae5b20f160 7263   !   1       sun.rmi.server.LoaderHandler::getClassAnnotation (234 bytes)
Event: 16.709 Thread 0x000001ae5b20f160 nmethod 7263 0x000001ae4e100810 code [0x000001ae4e100a60, 0x000001ae4e101350]
Event: 16.709 Thread 0x000001ae5b20f160 7264       1       sun.rmi.server.MarshalOutputStream::writeLocation (6 bytes)
Event: 16.709 Thread 0x000001ae5b20f160 nmethod 7264 0x000001ae4e100510 code [0x000001ae4e1006a0, 0x000001ae4e100798]

GC Heap History (20 events):
Event: 3.732 GC heap before
{Heap before GC invocations=10 (full 0):
 garbage-first heap   total reserved 6254592K, committed 69632K, used 49984K [0x0000000682400000, 0x0000000800000000)
  region size 4096K, 10 young (40960K), 2 survivors (8192K)
 Metaspace       used 37946K, committed 38400K, reserved 1114112K
  class space    used 4582K, committed 4800K, reserved 1048576K
}
Event: 3.739 GC heap after
{Heap after GC invocations=11 (full 0):
 garbage-first heap   total reserved 6254592K, committed 69632K, used 18655K [0x0000000682400000, 0x0000000800000000)
  region size 4096K, 1 young (4096K), 1 survivors (4096K)
 Metaspace       used 37946K, committed 38400K, reserved 1114112K
  class space    used 4582K, committed 4800K, reserved 1048576K
}
Event: 4.288 GC heap before
{Heap before GC invocations=11 (full 0):
 garbage-first heap   total reserved 6254592K, committed 69632K, used 55519K [0x0000000682400000, 0x0000000800000000)
  region size 4096K, 10 young (40960K), 1 survivors (4096K)
 Metaspace       used 41111K, committed 41664K, reserved 1114112K
  class space    used 5087K, committed 5312K, reserved 1048576K
}
Event: 4.294 GC heap after
{Heap after GC invocations=12 (full 0):
 garbage-first heap   total reserved 6254592K, committed 69632K, used 20608K [0x0000000682400000, 0x0000000800000000)
  region size 4096K, 1 young (4096K), 1 survivors (4096K)
 Metaspace       used 41111K, committed 41664K, reserved 1114112K
  class space    used 5087K, committed 5312K, reserved 1048576K
}
Event: 4.706 GC heap before
{Heap before GC invocations=12 (full 0):
 garbage-first heap   total reserved 6254592K, committed 69632K, used 57472K [0x0000000682400000, 0x0000000800000000)
  region size 4096K, 10 young (40960K), 1 survivors (4096K)
 Metaspace       used 43576K, committed 44224K, reserved 1114112K
  class space    used 5411K, committed 5696K, reserved 1048576K
}
Event: 4.711 GC heap after
{Heap after GC invocations=13 (full 0):
 garbage-first heap   total reserved 6254592K, committed 233472K, used 21928K [0x0000000682400000, 0x0000000800000000)
  region size 4096K, 2 young (8192K), 2 survivors (8192K)
 Metaspace       used 43576K, committed 44224K, reserved 1114112K
  class space    used 5411K, committed 5696K, reserved 1048576K
}
Event: 6.234 GC heap before
{Heap before GC invocations=13 (full 0):
 garbage-first heap   total reserved 6254592K, committed 233472K, used 148904K [0x0000000682400000, 0x0000000800000000)
  region size 4096K, 34 young (139264K), 2 survivors (8192K)
 Metaspace       used 56170K, committed 56768K, reserved 1114112K
  class space    used 7194K, committed 7488K, reserved 1048576K
}
Event: 6.243 GC heap after
{Heap after GC invocations=14 (full 0):
 garbage-first heap   total reserved 6254592K, committed 233472K, used 24869K [0x0000000682400000, 0x0000000800000000)
  region size 4096K, 2 young (8192K), 2 survivors (8192K)
 Metaspace       used 56170K, committed 56768K, reserved 1114112K
  class space    used 7194K, committed 7488K, reserved 1048576K
}
Event: 6.570 GC heap before
{Heap before GC invocations=14 (full 0):
 garbage-first heap   total reserved 6254592K, committed 233472K, used 57637K [0x0000000682400000, 0x0000000800000000)
  region size 4096K, 11 young (45056K), 2 survivors (8192K)
 Metaspace       used 59506K, committed 60096K, reserved 1114112K
  class space    used 7585K, committed 7872K, reserved 1048576K
}
Event: 6.578 GC heap after
{Heap after GC invocations=15 (full 0):
 garbage-first heap   total reserved 6254592K, committed 233472K, used 26343K [0x0000000682400000, 0x0000000800000000)
  region size 4096K, 3 young (12288K), 3 survivors (12288K)
 Metaspace       used 59506K, committed 60096K, reserved 1114112K
  class space    used 7585K, committed 7872K, reserved 1048576K
}
Event: 7.217 GC heap before
{Heap before GC invocations=16 (full 0):
 garbage-first heap   total reserved 6254592K, committed 110592K, used 79591K [0x0000000682400000, 0x0000000800000000)
  region size 4096K, 16 young (65536K), 3 survivors (12288K)
 Metaspace       used 64140K, committed 64768K, reserved 1114112K
  class space    used 8498K, committed 8768K, reserved 1048576K
}
Event: 7.226 GC heap after
{Heap after GC invocations=17 (full 0):
 garbage-first heap   total reserved 6254592K, committed 110592K, used 26831K [0x0000000682400000, 0x0000000800000000)
  region size 4096K, 2 young (8192K), 2 survivors (8192K)
 Metaspace       used 64140K, committed 64768K, reserved 1114112K
  class space    used 8498K, committed 8768K, reserved 1048576K
}
Event: 8.105 GC heap before
{Heap before GC invocations=17 (full 0):
 garbage-first heap   total reserved 6254592K, committed 110592K, used 84175K [0x0000000682400000, 0x0000000800000000)
  region size 4096K, 16 young (65536K), 2 survivors (8192K)
 Metaspace       used 69020K, committed 69696K, reserved 1114112K
  class space    used 9184K, committed 9472K, reserved 1048576K
}
Event: 8.112 GC heap after
{Heap after GC invocations=18 (full 0):
 garbage-first heap   total reserved 6254592K, committed 110592K, used 28318K [0x0000000682400000, 0x0000000800000000)
  region size 4096K, 1 young (4096K), 1 survivors (4096K)
 Metaspace       used 69020K, committed 69696K, reserved 1114112K
  class space    used 9184K, committed 9472K, reserved 1048576K
}
Event: 8.185 GC heap before
{Heap before GC invocations=18 (full 0):
 garbage-first heap   total reserved 6254592K, committed 110592K, used 32414K [0x0000000682400000, 0x0000000800000000)
  region size 4096K, 3 young (12288K), 1 survivors (4096K)
 Metaspace       used 69628K, committed 70336K, reserved 1114112K
  class space    used 9295K, committed 9600K, reserved 1048576K
}
Event: 8.190 GC heap after
{Heap after GC invocations=19 (full 0):
 garbage-first heap   total reserved 6254592K, committed 110592K, used 28609K [0x0000000682400000, 0x0000000800000000)
  region size 4096K, 1 young (4096K), 1 survivors (4096K)
 Metaspace       used 69628K, committed 70336K, reserved 1114112K
  class space    used 9295K, committed 9600K, reserved 1048576K
}
Event: 8.849 GC heap before
{Heap before GC invocations=20 (full 0):
 garbage-first heap   total reserved 6254592K, committed 110592K, used 90049K [0x0000000682400000, 0x0000000800000000)
  region size 4096K, 16 young (65536K), 1 survivors (4096K)
 Metaspace       used 73287K, committed 73984K, reserved 1114112K
  class space    used 9964K, committed 10240K, reserved 1048576K
}
Event: 8.854 GC heap after
{Heap after GC invocations=21 (full 0):
 garbage-first heap   total reserved 6254592K, committed 110592K, used 31375K [0x0000000682400000, 0x0000000800000000)
  region size 4096K, 2 young (8192K), 2 survivors (8192K)
 Metaspace       used 73287K, committed 73984K, reserved 1114112K
  class space    used 9964K, committed 10240K, reserved 1048576K
}
Event: 9.217 GC heap before
{Heap before GC invocations=21 (full 0):
 garbage-first heap   total reserved 6254592K, committed 110592K, used 88719K [0x0000000682400000, 0x0000000800000000)
  region size 4096K, 16 young (65536K), 2 survivors (8192K)
 Metaspace       used 75518K, committed 76224K, reserved 1179648K
  class space    used 10381K, committed 10688K, reserved 1048576K
}
Event: 9.224 GC heap after
{Heap after GC invocations=22 (full 0):
 garbage-first heap   total reserved 6254592K, committed 110592K, used 32605K [0x0000000682400000, 0x0000000800000000)
  region size 4096K, 2 young (8192K), 2 survivors (8192K)
 Metaspace       used 75518K, committed 76224K, reserved 1179648K
  class space    used 10381K, committed 10688K, reserved 1048576K
}

Dll operation events (13 events):
Event: 0.014 Loaded shared library C:\Users\Odin\.p2\pool\plugins\org.eclipse.justj.openjdk.hotspot.jre.full.win32.x86_64_22.0.1.v20240426-1149\jre\bin\java.dll
Event: 0.020 Loaded shared library C:\Users\Odin\.p2\pool\plugins\org.eclipse.justj.openjdk.hotspot.jre.full.win32.x86_64_22.0.1.v20240426-1149\jre\bin\zip.dll
Event: 0.353 Loaded shared library C:\Users\Odin\.p2\pool\plugins\org.eclipse.justj.openjdk.hotspot.jre.full.win32.x86_64_22.0.1.v20240426-1149\jre\bin\instrument.dll
Event: 0.366 Loaded shared library C:\Users\Odin\.p2\pool\plugins\org.eclipse.justj.openjdk.hotspot.jre.full.win32.x86_64_22.0.1.v20240426-1149\jre\bin\net.dll
Event: 0.367 Loaded shared library C:\Users\Odin\.p2\pool\plugins\org.eclipse.justj.openjdk.hotspot.jre.full.win32.x86_64_22.0.1.v20240426-1149\jre\bin\nio.dll
Event: 0.377 Loaded shared library C:\Users\Odin\.p2\pool\plugins\org.eclipse.justj.openjdk.hotspot.jre.full.win32.x86_64_22.0.1.v20240426-1149\jre\bin\zip.dll
Event: 0.563 Loaded shared library C:\Users\Odin\.p2\pool\plugins\org.eclipse.justj.openjdk.hotspot.jre.full.win32.x86_64_22.0.1.v20240426-1149\jre\bin\jimage.dll
Event: 0.620 Loaded shared library C:\Users\Odin\.p2\pool\plugins\org.eclipse.justj.openjdk.hotspot.jre.full.win32.x86_64_22.0.1.v20240426-1149\jre\bin\management.dll
Event: 0.633 Loaded shared library C:\Users\Odin\.p2\pool\plugins\org.eclipse.justj.openjdk.hotspot.jre.full.win32.x86_64_22.0.1.v20240426-1149\jre\bin\management_ext.dll
Event: 0.918 Loaded shared library C:\Users\Odin\.p2\pool\plugins\org.eclipse.justj.openjdk.hotspot.jre.full.win32.x86_64_22.0.1.v20240426-1149\jre\bin\extnet.dll
Event: 0.953 Loaded shared library C:\Users\Odin\.p2\pool\plugins\org.eclipse.justj.openjdk.hotspot.jre.full.win32.x86_64_22.0.1.v20240426-1149\jre\bin\verify.dll
Event: 2.382 Loaded shared library C:\Users\Odin\.p2\pool\plugins\org.eclipse.justj.openjdk.hotspot.jre.full.win32.x86_64_22.0.1.v20240426-1149\jre\bin\sunmscapi.dll
Event: 4.245 Loaded shared library C:\Users\Odin\.p2\pool\plugins\org.eclipse.justj.openjdk.hotspot.jre.full.win32.x86_64_22.0.1.v20240426-1149\jre\bin\le.dll

Deoptimization events (20 events):
Event: 19.273 Thread 0x000001ae60891ee0 DEOPT PACKING pc=0x000001ae4de2d5ec sp=0x000000749fcfecd0
Event: 19.273 Thread 0x000001ae60891ee0 DEOPT UNPACKING pc=0x000001ae4d344e42 sp=0x000000749fcfe1c0 mode 1
Event: 19.780 Thread 0x000001ae60891ee0 DEOPT PACKING pc=0x000001ae4de1e954 sp=0x000000749fcfeb30
Event: 19.780 Thread 0x000001ae60891ee0 DEOPT UNPACKING pc=0x000001ae4d344e42 sp=0x000000749fcfe020 mode 1
Event: 19.781 Thread 0x000001ae60891ee0 DEOPT PACKING pc=0x000001ae4de2d5ec sp=0x000000749fcfecd0
Event: 19.781 Thread 0x000001ae60891ee0 DEOPT UNPACKING pc=0x000001ae4d344e42 sp=0x000000749fcfe1c0 mode 1
Event: 20.304 Thread 0x000001ae60891ee0 DEOPT PACKING pc=0x000001ae4de1e954 sp=0x000000749fcfeb30
Event: 20.304 Thread 0x000001ae60891ee0 DEOPT UNPACKING pc=0x000001ae4d344e42 sp=0x000000749fcfe020 mode 1
Event: 20.304 Thread 0x000001ae60891ee0 DEOPT PACKING pc=0x000001ae4de2d5ec sp=0x000000749fcfecd0
Event: 20.304 Thread 0x000001ae60891ee0 DEOPT UNPACKING pc=0x000001ae4d344e42 sp=0x000000749fcfe1c0 mode 1
Event: 20.808 Thread 0x000001ae60891ee0 DEOPT PACKING pc=0x000001ae4de1e954 sp=0x000000749fcfeb30
Event: 20.808 Thread 0x000001ae60891ee0 DEOPT UNPACKING pc=0x000001ae4d344e42 sp=0x000000749fcfe020 mode 1
Event: 20.808 Thread 0x000001ae60891ee0 DEOPT PACKING pc=0x000001ae4de2d5ec sp=0x000000749fcfecd0
Event: 20.808 Thread 0x000001ae60891ee0 DEOPT UNPACKING pc=0x000001ae4d344e42 sp=0x000000749fcfe1c0 mode 1
Event: 21.315 Thread 0x000001ae60891ee0 DEOPT PACKING pc=0x000001ae4de1e954 sp=0x000000749fcfeb30
Event: 21.315 Thread 0x000001ae60891ee0 DEOPT UNPACKING pc=0x000001ae4d344e42 sp=0x000000749fcfe020 mode 1
Event: 21.315 Thread 0x000001ae60891ee0 DEOPT PACKING pc=0x000001ae4de2d5ec sp=0x000000749fcfecd0
Event: 21.315 Thread 0x000001ae60891ee0 DEOPT UNPACKING pc=0x000001ae4d344e42 sp=0x000000749fcfe1c0 mode 1
Event: 21.575 Thread 0x000001ae60d3b510 DEOPT PACKING pc=0x000001ae4d7bddfc sp=0x00000074a03fd9b0
Event: 21.575 Thread 0x000001ae60d3b510 DEOPT UNPACKING pc=0x000001ae4d344e42 sp=0x00000074a03fce68 mode 0

Classes loaded (20 events):
Event: 9.288 Loading class sun/misc/Unsafe
Event: 9.289 Loading class sun/misc/Unsafe done
Event: 9.290 Loading class jdk/internal/access/JavaUtilConcurrentTLRAccess
Event: 9.290 Loading class jdk/internal/access/JavaUtilConcurrentTLRAccess done
Event: 9.290 Loading class jdk/internal/access/JavaNetHttpCookieAccess
Event: 9.290 Loading class jdk/internal/access/JavaNetHttpCookieAccess done
Event: 9.290 Loading class jdk/internal/access/JavaAWTAccess
Event: 9.290 Loading class jdk/internal/access/JavaAWTAccess done
Event: 9.290 Loading class jdk/internal/access/JavaAWTFontAccess
Event: 9.290 Loading class jdk/internal/access/JavaAWTFontAccess done
Event: 9.290 Loading class jdk/internal/access/JavaxCryptoSealedObjectAccess
Event: 9.290 Loading class jdk/internal/access/JavaxCryptoSealedObjectAccess done
Event: 9.290 Loading class jdk/internal/access/JavaTemplateAccess
Event: 9.290 Loading class jdk/internal/access/JavaTemplateAccess done
Event: 9.291 Loading class sun/nio/ch/Interruptible
Event: 9.291 Loading class sun/nio/ch/Interruptible done
Event: 9.291 Loading class jdk/internal/reflect/ConstantPool$Tag
Event: 9.291 Loading class jdk/internal/reflect/ConstantPool$Tag done
Event: 11.803 Loading class java/util/IdentityHashMap$KeyIterator
Event: 11.804 Loading class java/util/IdentityHashMap$KeyIterator done

Classes unloaded (11 events):
Event: 3.301 Thread 0x000001ae5aadea50 Unloading class 0x000000000d189800 'java/lang/invoke/LambdaForm$MH+0x000000000d189800'
Event: 3.301 Thread 0x000001ae5aadea50 Unloading class 0x000000000d189000 'java/lang/invoke/LambdaForm$MH+0x000000000d189000'
Event: 3.301 Thread 0x000001ae5aadea50 Unloading class 0x000000000d188800 'java/lang/invoke/LambdaForm$MH+0x000000000d188800'
Event: 3.301 Thread 0x000001ae5aadea50 Unloading class 0x000000000d188000 'java/lang/invoke/LambdaForm$MH+0x000000000d188000'
Event: 3.301 Thread 0x000001ae5aadea50 Unloading class 0x000000000d187c00 'java/lang/invoke/LambdaForm$MH+0x000000000d187c00'
Event: 3.301 Thread 0x000001ae5aadea50 Unloading class 0x000000000d187000 'java/lang/invoke/LambdaForm$MH+0x000000000d187000'
Event: 3.301 Thread 0x000001ae5aadea50 Unloading class 0x000000000d186800 'java/lang/invoke/LambdaForm$MH+0x000000000d186800'
Event: 3.301 Thread 0x000001ae5aadea50 Unloading class 0x000000000d186000 'java/lang/invoke/LambdaForm$MH+0x000000000d186000'
Event: 3.301 Thread 0x000001ae5aadea50 Unloading class 0x000000000d185800 'java/lang/invoke/LambdaForm$MH+0x000000000d185800'
Event: 3.301 Thread 0x000001ae5aadea50 Unloading class 0x000000000d185000 'java/lang/invoke/LambdaForm$MH+0x000000000d185000'
Event: 3.301 Thread 0x000001ae5aadea50 Unloading class 0x000000000d184800 'java/lang/invoke/LambdaForm$MH+0x000000000d184800'

Classes redefined (1 events):
Event: 21.606 Thread 0x000001ae5aadea50 redefined class name=br.com.tecnoDesk.TecnoDesk.Services.OrcamentoService, count=1

Internal exceptions (20 events):
Event: 7.371 Thread 0x000001ae60d3b510 Exception <a 'java/lang/NoSuchMethodError'{0x000000068da97c80}: 'void java.lang.invoke.DirectMethodHandle$Holder.invokeSpecial(java.lang.Object, java.lang.Object, java.lang.Object, java.lang.Object, java.lang.Object, java.lang.Object, java.lang.Object, java.lang.Object)'> (0x000000068da97c80) 
thrown [s\src\hotspot\share\interpreter\linkResolver.cpp, line 774]
Event: 7.377 Thread 0x000001ae60d3b510 Exception <a 'java/lang/IncompatibleClassChangeError'{0x000000068db2fa90}: Found class java.lang.Object, but interface was expected> (0x000000068db2fa90) 
thrown [s\src\hotspot\share\interpreter\linkResolver.cpp, line 841]
Event: 7.408 Thread 0x000001ae60d3b510 Exception <a 'java/lang/NoSuchMethodError'{0x0000000687fa2538}: 'java.lang.Object java.lang.invoke.DirectMethodHandle$Holder.newInvokeSpecial(java.lang.Object, java.lang.Object, java.lang.Object, java.lang.Object, java.lang.Object, int, java.lang.Object)'> (0x0000000687fa2538) 
thrown [s\src\hotspot\share\interpreter\linkResolver.cpp, line 774]
Event: 7.412 Thread 0x000001ae60d3b510 Exception <a 'java/lang/NoSuchMethodError'{0x0000000687ff9248}: 'java.lang.Object java.lang.invoke.DirectMethodHandle$Holder.newInvokeSpecial(java.lang.Object, java.lang.Object, java.lang.Object, java.lang.Object, java.lang.Object, java.lang.Object, java.lang.Object, java.lang.Object, java.lang.Object, java.lang.Object, java.lang.Object, java.lang.Object)'> (0x0000000687ff9248) 
thrown [s\src\hotspot\share\interpreter\linkResolver.cpp, line 774]
Event: 7.412 Thread 0x000001ae60d3b510 Exception <a 'java/lang/NoSuchMethodError'{0x0000000687ffe380}: 'java.lang.Object java.lang.invoke.DirectMethodHandle$Holder.invokeSpecial(java.lang.Object, java.lang.Object, java.lang.Object, java.lang.Object, java.lang.Object, java.lang.Object, java.lang.Object, java.lang.Object, java.lang.Object, java.lang.Object, java.lang.Object, java.lang.Object, java.lang.Object)'> (0x0000000687ffe380) 
thrown [s\src\hotspot\share\interpreter\linkResolver.cpp, line 774]
Event: 7.412 Thread 0x000001ae60d3b510 Exception <a 'java/lang/NoSuchMethodError'{0x00000006878031e8}: 'java.lang.Object java.lang.invoke.Invokers$Holder.linkToTargetMethod(java.lang.Object, java.lang.Object, java.lang.Object, java.lang.Object, java.lang.Object, java.lang.Object, java.lang.Object, java.lang.Object, java.lang.Object, java.lang.Object, java.lang.Object, java.lang.Object)'> (0x00000006878031e8) 
thrown [s\src\hotspot\share\interpreter\linkResolver.cpp, line 774]
Event: 7.478 Thread 0x000001ae60d3b510 Exception <a 'java/lang/NoSuchMethodError'{0x00000006875acea8}: 'java.lang.Object java.lang.invoke.DirectMethodHandle$Holder.newInvokeSpecial(java.lang.Object, java.lang.Object, int, java.lang.Object, int, java.lang.Object, java.lang.Object)'> (0x00000006875acea8) 
thrown [s\src\hotspot\share\interpreter\linkResolver.cpp, line 774]
Event: 7.488 Thread 0x000001ae60d3b510 Exception <a 'java/lang/NoSuchMethodError'{0x000000068769a518}: 'java.lang.Object java.lang.invoke.DirectMethodHandle$Holder.newInvokeSpecial(java.lang.Object, java.lang.Object, java.lang.Object, java.lang.Object, java.lang.Object, java.lang.Object, java.lang.Object, int)'> (0x000000068769a518) 
thrown [s\src\hotspot\share\interpreter\linkResolver.cpp, line 774]
Event: 7.489 Thread 0x000001ae60d3b510 Exception <a 'java/lang/NoSuchMethodError'{0x000000068769f368}: 'java.lang.Object java.lang.invoke.DirectMethodHandle$Holder.invokeSpecial(java.lang.Object, java.lang.Object, java.lang.Object, java.lang.Object, java.lang.Object, java.lang.Object, java.lang.Object, java.lang.Object, int)'> (0x000000068769f368) 
thrown [s\src\hotspot\share\interpreter\linkResolver.cpp, line 774]
Event: 7.489 Thread 0x000001ae60d3b510 Exception <a 'java/lang/NoSuchMethodError'{0x00000006876a3ba0}: 'java.lang.Object java.lang.invoke.Invokers$Holder.linkToTargetMethod(java.lang.Object, java.lang.Object, java.lang.Object, java.lang.Object, java.lang.Object, java.lang.Object, int, java.lang.Object)'> (0x00000006876a3ba0) 
thrown [s\src\hotspot\share\interpreter\linkResolver.cpp, line 774]
Event: 7.526 Thread 0x000001ae60d3b510 Exception <a 'java/lang/NoSuchMethodError'{0x00000006870e14b8}: 'void java.lang.invoke.DirectMethodHandle$Holder.invokeInterface(java.lang.Object, java.lang.Object)'> (0x00000006870e14b8) 
thrown [s\src\hotspot\share\interpreter\linkResolver.cpp, line 774]
Event: 7.740 Thread 0x000001ae60d3b510 Exception <a 'java/lang/NoSuchMethodError'{0x0000000686b713b0}: 'java.lang.Object java.lang.invoke.DirectMethodHandle$Holder.invokeSpecial(java.lang.Object, java.lang.Object, int, java.lang.Object, int)'> (0x0000000686b713b0) 
thrown [s\src\hotspot\share\interpreter\linkResolver.cpp, line 774]
Event: 8.011 Thread 0x000001ae60d3b510 Exception <a 'java/lang/IncompatibleClassChangeError'{0x0000000686260430}: Found class java.lang.Object, but interface was expected> (0x0000000686260430) 
thrown [s\src\hotspot\share\interpreter\linkResolver.cpp, line 841]
Event: 8.023 Thread 0x000001ae60d3b510 Exception <a 'java/lang/IncompatibleClassChangeError'{0x0000000686306bc0}: Found class java.lang.Object, but interface was expected> (0x0000000686306bc0) 
thrown [s\src\hotspot\share\interpreter\linkResolver.cpp, line 841]
Event: 8.060 Thread 0x000001ae60d3b510 Exception <a 'java/lang/IncompatibleClassChangeError'{0x0000000685e9fa78}: Found class java.lang.Object, but interface was expected> (0x0000000685e9fa78) 
thrown [s\src\hotspot\share\interpreter\linkResolver.cpp, line 841]
Event: 8.252 Thread 0x000001ae60d3b510 Exception <a 'java/lang/IncompatibleClassChangeError'{0x000000069a383f28}: Found class java.lang.Object, but interface was expected> (0x000000069a383f28) 
thrown [s\src\hotspot\share\interpreter\linkResolver.cpp, line 841]
Event: 8.355 Thread 0x000001ae60d3b510 Exception <a 'java/lang/IncompatibleClassChangeError'{0x0000000687823150}: Found class java.lang.Object, but interface was expected> (0x0000000687823150) 
thrown [s\src\hotspot\share\interpreter\linkResolver.cpp, line 841]
Event: 8.420 Thread 0x000001ae60d3b510 Exception <a 'java/lang/NoSuchMethodError'{0x00000006875f9aa0}: 'java.lang.Object java.lang.invoke.DirectMethodHandle$Holder.invokeInterface(java.lang.Object, java.lang.Object, int)'> (0x00000006875f9aa0) 
thrown [s\src\hotspot\share\interpreter\linkResolver.cpp, line 774]
Event: 8.499 Thread 0x000001ae60d3b510 Exception <a 'java/lang/NoSuchMethodError'{0x00000006873b7b50}: 'long java.lang.invoke.DirectMethodHandle$Holder.invokeVirtual(java.lang.Object, java.lang.Object)'> (0x00000006873b7b50) 
thrown [s\src\hotspot\share\interpreter\linkResolver.cpp, line 774]
Event: 8.505 Thread 0x000001ae60d3b510 Exception <a 'java/io/FileNotFoundException'{0x0000000686c2c130}> (0x0000000686c2c130) 
thrown [s\src\hotspot\share\prims\jni.cpp, line 520]

ZGC Phase Switch (0 events):
No events

VM Operations (20 events):
Event: 10.108 Executing VM operation: get/set locals
Event: 10.108 Executing VM operation: get/set locals done
Event: 10.110 Executing VM operation: get/set locals
Event: 10.110 Executing VM operation: get/set locals done
Event: 13.111 Executing VM operation: Cleanup
Event: 13.111 Executing VM operation: Cleanup done
Event: 14.118 Executing VM operation: Cleanup
Event: 14.118 Executing VM operation: Cleanup done
Event: 17.125 Executing VM operation: Cleanup
Event: 17.125 Executing VM operation: Cleanup done
Event: 18.127 Executing VM operation: Cleanup
Event: 18.127 Executing VM operation: Cleanup done
Event: 21.574 Executing VM operation: ChangeSingleStep
Event: 21.574 Executing VM operation: ChangeSingleStep done
Event: 21.575 Executing VM operation: ChangeSingleStep
Event: 21.575 Executing VM operation: ChangeSingleStep done
Event: 21.595 Executing VM operation: RedefineClasses
Event: 21.629 Executing VM operation: RedefineClasses done
Event: 21.632 Executing VM operation: ChangeSingleStep
Event: 21.632 Executing VM operation: ChangeSingleStep done

Events (20 events):
Event: 8.233 Thread 0x000001ae5aadea50 flushing nmethod 0x000001ae4d869410
Event: 8.233 Thread 0x000001ae5aadea50 flushing nmethod 0x000001ae4d96b610
Event: 8.233 Thread 0x000001ae5aadea50 flushing nmethod 0x000001ae4d96e490
Event: 8.233 Thread 0x000001ae5aadea50 flushing nmethod 0x000001ae4d970110
Event: 8.233 Thread 0x000001ae5aadea50 flushing nmethod 0x000001ae4d970710
Event: 8.233 Thread 0x000001ae5aadea50 flushing nmethod 0x000001ae4d970d90
Event: 8.233 Thread 0x000001ae5aadea50 flushing nmethod 0x000001ae4db3e210
Event: 8.516 Thread 0x000001ae60c9d520 Thread added: 0x000001ae60c9d520
Event: 8.517 Thread 0x000001ae60c9dbb0 Thread added: 0x000001ae60c9dbb0
Event: 8.522 Thread 0x000001ae60ca09a0 Thread added: 0x000001ae60ca09a0
Event: 11.518 Thread 0x000001ae62ea9270 Thread exited: 0x000001ae62ea9270
Event: 11.518 Thread 0x000001ae62ea8bb0 Thread exited: 0x000001ae62ea8bb0
Event: 11.804 Thread 0x000001ae60d3a160 Thread exited: 0x000001ae60d3a160
Event: 12.575 Thread 0x000001ae62f160d0 Thread exited: 0x000001ae62f160d0
Event: 12.575 Thread 0x000001ae62e307f0 Thread exited: 0x000001ae62e307f0
Event: 12.576 Thread 0x000001ae62e96da0 Thread exited: 0x000001ae62e96da0
Event: 13.080 Thread 0x000001ae6073d2e0 Thread exited: 0x000001ae6073d2e0
Event: 13.633 Thread 0x000001ae607387e0 Thread exited: 0x000001ae607387e0
Event: 13.633 Thread 0x000001ae5b3a0e70 Thread exited: 0x000001ae5b3a0e70
Event: 13.633 Thread 0x000001ae5b3bd8d0 Thread exited: 0x000001ae5b3bd8d0


Dynamic libraries:
0x00007ff6f0870000 - 0x00007ff6f087e000 	C:\Users\Odin\.p2\pool\plugins\org.eclipse.justj.openjdk.hotspot.jre.full.win32.x86_64_22.0.1.v20240426-1149\jre\bin\javaw.exe
0x00007ffd6bdd0000 - 0x00007ffd6bfc8000 	C:\Windows\SYSTEM32\ntdll.dll
0x00007ffd6ad30000 - 0x00007ffd6adf2000 	C:\Windows\System32\KERNEL32.DLL
0x00007ffd69950000 - 0x00007ffd69c46000 	C:\Windows\System32\KERNELBASE.dll
0x00007ffd69c50000 - 0x00007ffd69d50000 	C:\Windows\System32\ucrtbase.dll
0x00007ffd1e470000 - 0x00007ffd1e487000 	C:\Users\Odin\.p2\pool\plugins\org.eclipse.justj.openjdk.hotspot.jre.full.win32.x86_64_22.0.1.v20240426-1149\jre\bin\jli.dll
0x00007ffd489f0000 - 0x00007ffd48a0b000 	C:\Users\Odin\.p2\pool\plugins\org.eclipse.justj.openjdk.hotspot.jre.full.win32.x86_64_22.0.1.v20240426-1149\jre\bin\VCRUNTIME140.dll
0x00007ffd6a070000 - 0x00007ffd6a20d000 	C:\Windows\System32\USER32.dll
0x00007ffd69580000 - 0x00007ffd695a2000 	C:\Windows\System32\win32u.dll
0x00007ffd5a840000 - 0x00007ffd5aada000 	C:\Windows\WinSxS\amd64_microsoft.windows.common-controls_6595b64144ccf1df_6.0.19041.4355_none_60b8b9eb71f62e16\COMCTL32.dll
0x00007ffd6ae80000 - 0x00007ffd6aeab000 	C:\Windows\System32\GDI32.dll
0x00007ffd6abe0000 - 0x00007ffd6ac7e000 	C:\Windows\System32\msvcrt.dll
0x00007ffd69460000 - 0x00007ffd6957a000 	C:\Windows\System32\gdi32full.dll
0x00007ffd69d50000 - 0x00007ffd69ded000 	C:\Windows\System32\msvcp_win.dll
0x00007ffd6b920000 - 0x00007ffd6b94f000 	C:\Windows\System32\IMM32.DLL
0x00007ffd64770000 - 0x00007ffd6477c000 	C:\Users\Odin\.p2\pool\plugins\org.eclipse.justj.openjdk.hotspot.jre.full.win32.x86_64_22.0.1.v20240426-1149\jre\bin\vcruntime140_1.dll
0x00007ffc35b60000 - 0x00007ffc35bee000 	C:\Users\Odin\.p2\pool\plugins\org.eclipse.justj.openjdk.hotspot.jre.full.win32.x86_64_22.0.1.v20240426-1149\jre\bin\msvcp140.dll
0x00007ffc285a0000 - 0x00007ffc29362000 	C:\Users\Odin\.p2\pool\plugins\org.eclipse.justj.openjdk.hotspot.jre.full.win32.x86_64_22.0.1.v20240426-1149\jre\bin\server\jvm.dll
0x00007ffd6b090000 - 0x00007ffd6b13f000 	C:\Windows\System32\ADVAPI32.dll
0x00007ffd6ab40000 - 0x00007ffd6abdf000 	C:\Windows\System32\sechost.dll
0x00007ffd6bc60000 - 0x00007ffd6bd83000 	C:\Windows\System32\RPCRT4.dll
0x00007ffd695b0000 - 0x00007ffd695d7000 	C:\Windows\System32\bcrypt.dll
0x00007ffd6ae10000 - 0x00007ffd6ae7b000 	C:\Windows\System32\WS2_32.dll
0x00007ffd692c0000 - 0x00007ffd6930b000 	C:\Windows\SYSTEM32\POWRPROF.dll
0x00007ffd5ec80000 - 0x00007ffd5ec8a000 	C:\Windows\SYSTEM32\VERSION.dll
0x00007ffd5adf0000 - 0x00007ffd5ae17000 	C:\Windows\SYSTEM32\WINMM.dll
0x00007ffd692a0000 - 0x00007ffd692b2000 	C:\Windows\SYSTEM32\UMPDC.dll
0x00007ffd67c90000 - 0x00007ffd67ca2000 	C:\Windows\SYSTEM32\kernel.appcore.dll
0x00007ffd489e0000 - 0x00007ffd489ea000 	C:\Users\Odin\.p2\pool\plugins\org.eclipse.justj.openjdk.hotspot.jre.full.win32.x86_64_22.0.1.v20240426-1149\jre\bin\jimage.dll
0x00007ffd67290000 - 0x00007ffd67474000 	C:\Windows\SYSTEM32\DBGHELP.DLL
0x00007ffd611c0000 - 0x00007ffd611f4000 	C:\Windows\SYSTEM32\dbgcore.DLL
0x00007ffd698c0000 - 0x00007ffd69942000 	C:\Windows\System32\bcryptPrimitives.dll
0x00007ffd34ab0000 - 0x00007ffd34aec000 	C:\Users\Odin\.p2\pool\plugins\org.eclipse.justj.openjdk.hotspot.jre.full.win32.x86_64_22.0.1.v20240426-1149\jre\bin\jdwp.dll
0x00007ffd1e4e0000 - 0x00007ffd1e4ef000 	C:\Users\Odin\.p2\pool\plugins\org.eclipse.justj.openjdk.hotspot.jre.full.win32.x86_64_22.0.1.v20240426-1149\jre\bin\instrument.dll
0x00007ffd1e490000 - 0x00007ffd1e4ae000 	C:\Users\Odin\.p2\pool\plugins\org.eclipse.justj.openjdk.hotspot.jre.full.win32.x86_64_22.0.1.v20240426-1149\jre\bin\java.dll
0x00007ffd6a3d0000 - 0x00007ffd6ab3f000 	C:\Windows\System32\SHELL32.dll
0x00007ffd69df0000 - 0x00007ffd69f1b000 	C:\Windows\System32\ole32.dll
0x00007ffd6b140000 - 0x00007ffd6b495000 	C:\Windows\System32\combase.dll
0x00007ffd1e450000 - 0x00007ffd1e467000 	C:\Users\Odin\.p2\pool\plugins\org.eclipse.justj.openjdk.hotspot.jre.full.win32.x86_64_22.0.1.v20240426-1149\jre\bin\zip.dll
0x00007ffd674a0000 - 0x00007ffd67c43000 	C:\Windows\SYSTEM32\windows.storage.dll
0x00007ffd68ce0000 - 0x00007ffd68d0b000 	C:\Windows\SYSTEM32\Wldp.dll
0x00007ffd6a300000 - 0x00007ffd6a3cd000 	C:\Windows\System32\OLEAUT32.dll
0x00007ffd69f20000 - 0x00007ffd69fcd000 	C:\Windows\System32\SHCORE.dll
0x00007ffd6aeb0000 - 0x00007ffd6af05000 	C:\Windows\System32\shlwapi.dll
0x00007ffd69390000 - 0x00007ffd693b5000 	C:\Windows\SYSTEM32\profapi.dll
0x00007ffd639a0000 - 0x00007ffd639ac000 	C:\Users\Odin\.p2\pool\plugins\org.eclipse.justj.openjdk.hotspot.jre.full.win32.x86_64_22.0.1.v20240426-1149\jre\bin\dt_socket.dll
0x00007ffd687c0000 - 0x00007ffd687fb000 	C:\Windows\SYSTEM32\IPHLPAPI.DLL
0x00007ffd68ac0000 - 0x00007ffd68b2c000 	C:\Windows\system32\mswsock.dll
0x00007ffd68800000 - 0x00007ffd688ca000 	C:\Windows\SYSTEM32\DNSAPI.dll
0x00007ffd6a060000 - 0x00007ffd6a068000 	C:\Windows\System32\NSI.dll
0x00007ffd60310000 - 0x00007ffd6031a000 	C:\Windows\System32\rasadhlp.dll
0x00007ffd60700000 - 0x00007ffd60780000 	C:\Windows\System32\fwpuclnt.dll
0x00007ffd1e440000 - 0x00007ffd1e450000 	C:\Users\Odin\.p2\pool\plugins\org.eclipse.justj.openjdk.hotspot.jre.full.win32.x86_64_22.0.1.v20240426-1149\jre\bin\net.dll
0x00007ffd1e420000 - 0x00007ffd1e436000 	C:\Users\Odin\.p2\pool\plugins\org.eclipse.justj.openjdk.hotspot.jre.full.win32.x86_64_22.0.1.v20240426-1149\jre\bin\nio.dll
0x00007ffd40f20000 - 0x00007ffd40f2a000 	C:\Users\Odin\.p2\pool\plugins\org.eclipse.justj.openjdk.hotspot.jre.full.win32.x86_64_22.0.1.v20240426-1149\jre\bin\management.dll
0x00007ffd1e330000 - 0x00007ffd1e33b000 	C:\Users\Odin\.p2\pool\plugins\org.eclipse.justj.openjdk.hotspot.jre.full.win32.x86_64_22.0.1.v20240426-1149\jre\bin\management_ext.dll
0x00007ffd6a2f0000 - 0x00007ffd6a2f8000 	C:\Windows\System32\PSAPI.DLL
0x00007ffd58940000 - 0x00007ffd58957000 	C:\Windows\system32\napinsp.dll
0x00007ffd58920000 - 0x00007ffd5893b000 	C:\Windows\system32\pnrpnsp.dll
0x00007ffd58900000 - 0x00007ffd58915000 	C:\Windows\system32\wshbth.dll
0x00007ffd63cb0000 - 0x00007ffd63ccd000 	C:\Windows\system32\NLAapi.dll
0x00007ffd588e0000 - 0x00007ffd588f2000 	C:\Windows\System32\winrnr.dll
0x00007ffd69030000 - 0x00007ffd69048000 	C:\Windows\SYSTEM32\CRYPTSP.dll
0x00007ffd68400000 - 0x00007ffd68438000 	C:\Windows\system32\rsaenh.dll
0x00007ffd69350000 - 0x00007ffd6937e000 	C:\Windows\SYSTEM32\USERENV.dll
0x00007ffd68c50000 - 0x00007ffd68c5c000 	C:\Windows\SYSTEM32\CRYPTBASE.dll
0x00007ffd40f30000 - 0x00007ffd40f39000 	C:\Users\Odin\.p2\pool\plugins\org.eclipse.justj.openjdk.hotspot.jre.full.win32.x86_64_22.0.1.v20240426-1149\jre\bin\extnet.dll
0x00007ffd1e410000 - 0x00007ffd1e420000 	C:\Users\Odin\.p2\pool\plugins\org.eclipse.justj.openjdk.hotspot.jre.full.win32.x86_64_22.0.1.v20240426-1149\jre\bin\verify.dll
0x00007ffd64780000 - 0x00007ffd6478e000 	C:\Users\Odin\.p2\pool\plugins\org.eclipse.justj.openjdk.hotspot.jre.full.win32.x86_64_22.0.1.v20240426-1149\jre\bin\sunmscapi.dll
0x00007ffd695e0000 - 0x00007ffd6973d000 	C:\Windows\System32\CRYPT32.dll
0x00007ffd68d50000 - 0x00007ffd68d77000 	C:\Windows\SYSTEM32\ncrypt.dll
0x00007ffd68d10000 - 0x00007ffd68d4b000 	C:\Windows\SYSTEM32\NTASN1.dll
0x00007ffd34a80000 - 0x00007ffd34a8b000 	C:\Users\Odin\.p2\pool\plugins\org.eclipse.justj.openjdk.hotspot.jre.full.win32.x86_64_22.0.1.v20240426-1149\jre\bin\le.dll

dbghelp: loaded successfully - version: 4.0.5 - missing functions: none
symbol engine: initialized successfully - sym options: 0x614 - pdb path: .;C:\Users\Odin\.p2\pool\plugins\org.eclipse.justj.openjdk.hotspot.jre.full.win32.x86_64_22.0.1.v20240426-1149\jre\bin;C:\Windows\SYSTEM32;C:\Windows\WinSxS\amd64_microsoft.windows.common-controls_6595b64144ccf1df_6.0.19041.4355_none_60b8b9eb71f62e16;C:\Users\Odin\.p2\pool\plugins\org.eclipse.justj.openjdk.hotspot.jre.full.win32.x86_64_22.0.1.v20240426-1149\jre\bin\server

VM Arguments:
jvm_args: -XX:+ShowCodeDetailsInExceptionMessages -agentlib:jdwp=transport=dt_socket,suspend=y,address=localhost:53287 -Dcom.sun.management.jmxremote -Dcom.sun.management.jmxremote.port=53286 -Dcom.sun.management.jmxremote.authenticate=false -Dcom.sun.management.jmxremote.ssl=false -Djava.rmi.server.hostname=localhost -Dspring.jmx.enabled=true -Dmanagement.endpoints.jmx.exposure.include=* -Dspring.application.admin.enabled=true -XX:TieredStopAtLevel=1 -Dspring.boot.project.name=TecnoDesk -javaagent:C:\Users\Odin\eclipse\java-2024-03\eclipse\configuration\org.eclipse.osgi\714\0\.cp\lib\javaagent-shaded.jar -Dfile.encoding=UTF-8 -Dstdout.encoding=UTF-8 -Dstderr.encoding=UTF-8 
java_command: br.com.tecnoDesk.TecnoDesk.TecnoDeskApplication --spring.output.ansi.enabled=always
java_class_path (initial): C:\Users\Odin\Documents\Projetos\TecnoDesk\target\classes;C:\Users\Odin\.m2\repository\org\springframework\boot\spring-boot-starter-data-jpa\3.2.3\spring-boot-starter-data-jpa-3.2.3.jar;C:\Users\Odin\.m2\repository\org\springframework\boot\spring-boot-starter-aop\3.2.3\spring-boot-starter-aop-3.2.3.jar;C:\Users\Odin\.m2\repository\org\aspectj\aspectjweaver\1.9.21\aspectjweaver-1.9.21.jar;C:\Users\Odin\.m2\repository\org\springframework\boot\spring-boot-starter-jdbc\3.2.3\spring-boot-starter-jdbc-3.2.3.jar;C:\Users\Odin\.m2\repository\com\zaxxer\HikariCP\5.0.1\HikariCP-5.0.1.jar;C:\Users\Odin\.m2\repository\org\springframework\spring-jdbc\6.1.4\spring-jdbc-6.1.4.jar;C:\Users\Odin\.m2\repository\org\hibernate\orm\hibernate-core\6.4.4.Final\hibernate-core-6.4.4.Final.jar;C:\Users\Odin\.m2\repository\jakarta\persistence\jakarta.persistence-api\3.1.0\jakarta.persistence-api-3.1.0.jar;C:\Users\Odin\.m2\repository\jakarta\transaction\jakarta.transaction-api\2.0.1\jakarta.transaction-api-2.0.1.jar;C:\Users\Odin\.m2\repository\org\jboss\logging\jboss-logging\3.5.3.Final\jboss-logging-3.5.3.Final.jar;C:\Users\Odin\.m2\repository\org\hibernate\common\hibernate-commons-annotations\6.0.6.Final\hibernate-commons-annotations-6.0.6.Final.jar;C:\Users\Odin\.m2\repository\io\smallrye\jandex\3.1.2\jandex-3.1.2.jar;C:\Users\Odin\.m2\repository\com\fasterxml\classmate\1.6.0\classmate-1.6.0.jar;C:\Users\Odin\.m2\repository\net\bytebuddy\byte-buddy\1.14.12\byte-buddy-1.14.12.jar;C:\Users\Odin\.m2\repository\org\glassfish\jaxb\jaxb-runtime\4.0.4\jaxb-runtime-4.0.4.jar;C:\Users\Odin\.m2\repository\org\glassfish\jaxb\jaxb-core\4.0.4\jaxb-core-4.0.4.jar;C:\Users\Odin\.m2\repository\org\eclipse\angus\angus-activation\2.0.1\angus-activation-2.0.1.jar;C:\Users\Odin\.m2\repository\org\glassfish\jaxb\txw2\4.0.4\txw2-4.0.4.jar;C:\Users\Odin\.m2\repository\com\sun\istack\istack-commons-runtime\4.1.2\istack-commons-runtime-4.1.2.jar;C:\Users\Odin\.m2\repository\jakarta\inject\jakarta.inject-api\2.0.1\jakarta.inject-api-2.0.1.jar;C:\Users\Odin\.m2\repository\org\antlr\antlr4-runtime\4.13.0\antlr4-runtime-4.13.0.jar;C:\Users\Odin\.m2\repository\org\springframework\data\spring-data-jpa\3.2.3\spring-data-jpa-3.2.3.jar;C:\Users\Odin\.m2\repository\org\springframework\data\spring-data-commons\3.2.3\spring-data-commons-3.2.3.jar;C:\Users\Odin\.m2\repository\org\springframework\spring-orm\6.1.4\spring-orm-6.1.4.jar;C:\Users\Odin\.m2\repository\org\springframework\spring-context\6.1.4\spring-context-6.1.4.jar;C:\Users\Odin\.m2\repository\org\springframework\spring-tx\6.1.4\spring-tx-6.1.4.jar;C:\Users\Odin\.m2\repository\org\springframework\spring-beans\6.1.4\spring-beans-6.1.4.jar;C:\Users\Odin\.m2\repository\org\springframework\spring-aspects\6.1.4\spring-aspects-6.1.4.jar;C:\Users\Odin\.m2\repository\org\springframework\boot\spring-boot-starter-security\3.2.3\spring-boot-starter-security-3.2.3.jar;C:\Users\Odin\.m2\repository\org\springframework\spring-aop\6.1.4\spring-aop-6.1.4.jar;C:\Users\Odin\.m2\repository\org\springframework\security\spring-security-config\6.2.2\spring-security-config-6.2.2.jar;C:\Users\Odin\.m2\repository\org\springframework\security\spring-security-web\6.2.2\spring-security-web-6.2.2.jar;C:\Users\Odin\.m2\repository\org\springframework\spring-expression\6.1.4\spring-expression-6.1.4.jar;C:\Users\Odin\.m2\repository\com\auth0\java-jwt\4.4.0\java-jwt-4.4.0.jar;C:\Users\Odin\.m2\repository\com\fasterxml\jackson\core\jackson-databind\2.15.4\jackson-databind-2.15.4.jar;C:\Users\Odin\.m2\repository\com\fasterxml\jackson\core\jackson-annotations\2.15.4\jackson-annotations-2.15.4.jar;C:\Users\Odin\.m2\repository\com\fasterxml\jackson\core\jackson-core\2.15.4\jackson-core-2.15.4.jar;C:\Users\Odin\.m2\repository\com\itextpdf\itextpdf\5.5.13.3\itextpdf-5.5.13.3.jar;C:\Users\Odin\.m2\repository\com\itextpdf\html2pdf\5.0.3\html2pdf-5.0.3.jar;C:\Users\Odin\.m2\repository\com\itextpdf\forms\8.0.3\forms-8.0.3.jar;C:\Users\Odin\.m2\repository\com\itextpdf\kernel\8.0.3\kernel-8.0.3.jar;C:\Users\Odin\.m2\repository\com\itextpdf\bouncy-castle-connector\8.0.3\bouncy-castle-connector-8.0.3.jar;C:\Users\Odin\.m2\repository\com\itextpdf\io\8.0.3\io-8.0.3.jar;C:\Users\Odin\.m2\repository\com\itextpdf\commons\8.0.3\commons-8.0.3.jar;C:\Users\Odin\.m2\repository\com\itextpdf\layout\8.0.3\layout-8.0.3.jar;C:\Users\Odin\.m2\repository\com\itextpdf\pdfa\8.0.3\pdfa-8.0.3.jar;C:\Users\Odin\.m2\repository\com\itextpdf\svg\8.0.3\svg-8.0.3.jar;C:\Users\Odin\.m2\repository\com\itextpdf\styled-xml-parser\8.0.3\styled-xml-parser-8.0.3.jar;C:\Users\Odin\.m2\repository\org\slf4j\slf4j-api\2.0.12\slf4j-api-2.0.12.jar;C:\Users\Odin\.m2\repository\org\springframework\boot\spring-boot-starter-web\3.2.3\spring-boot-starter-web-3.2.3.jar;C:\Users\Odin\.m2\repository\org\springframework\boot\spring-boot-starter-json\3.2.3\spring-boot-starter-json-3.2.3.jar;C:\Users\Odin\.m2\repository\com\fasterxml\jackson\datatype\jackson-datatype-jdk8\2.15.4\jackson-datatype-jdk8-2.15.4.jar;C:\Users\Odin\.m2\repository\com\fasterxml\jackson\datatype\jackson-datatype-jsr310\2.15.4\jackson-datatype-jsr310-2.15.4.jar;C:\Users\Odin\.m2\repository\com\fasterxml\jackson\module\jackson-module-parameter-names\2.15.4\jackson-module-parameter-names-2.15.4.jar;C:\Users\Odin\.m2\repository\org\springframework\boot\spring-boot-starter-tomcat\3.2.3\spring-boot-starter-tomcat-3.2.3.jar;C:\Users\Odin\.m2\repository\org\apache\tomcat\embed\tomcat-embed-core\10.1.19\tomcat-embed-core-10.1.19.jar;C:\Users\Odin\.m2\repository\org\apache\tomcat\embed\tomcat-embed-el\10.1.19\tomcat-embed-el-10.1.19.jar;C:\Users\Odin\.m2\repository\org\apache\tomcat\embed\tomcat-embed-websocket\10.1.19\tomcat-embed-websocket-10.1.19.jar;C:\Users\Odin\.m2\repository\org\springframework\spring-web\6.1.4\spring-web-6.1.4.jar;C:\Users\Odin\.m2\repository\io\micrometer\micrometer-observation\1.12.3\micrometer-observation-1.12.3.jar;C:\Users\Odin\.m2\repository\io\micrometer\micrometer-commons\1.12.3\micrometer-commons-1.12.3.jar;C:\Users\Odin\.m2\repository\org\springframework\spring-webmvc\6.1.4\spring-webmvc-6.1.4.jar;C:\Users\Odin\.m2\repository\org\modelmapper\modelmapper\3.2.0\modelmapper-3.2.0.jar;C:\Users\Odin\.m2\repository\org\springdoc\springdoc-openapi-starter-webmvc-ui\2.1.0\springdoc-openapi-starter-webmvc-ui-2.1.0.jar;C:\Users\Odin\.m2\repository\org\springdoc\springdoc-openapi-starter-webmvc-api\2.1.0\springdoc-openapi-starter-webmvc-api-2.1.0.jar;C:\Users\Odin\.m2\repository\org\springdoc\springdoc-openapi-starter-common\2.1.0\springdoc-openapi-starter-common-2.1.0.jar;C:\Users\Odin\.m2\repository\io\swagger\core\v3\swagger-core-jakarta\2.2.9\swagger-core-jakarta-2.2.9.jar;C:\Users\Odin\.m2\repository\org\apache\commons\commons-lang3\3.13.0\commons-lang3-3.13.0.jar;C:\Users\Odin\.m2\repository\io\swagger\core\v3\swagger-annotations-jakarta\2.2.9\swagger-annotations-jakarta-2.2.9.jar;C:\Users\Odin\.m2\repository\io\swagger\core\v3\swagger-models-jakarta\2.2.9\swagger-models-jakarta-2.2.9.jar;C:\Users\Odin\.m2\repository\jakarta\validation\jakarta.validation-api\3.0.2\jakarta.validation-api-3.0.2.jar;C:\Users\Odin\.m2\repository\com\fasterxml\jackson\dataformat\jackson-dataformat-yaml\2.15.4\jackson-dataformat-yaml-2.15.4.jar;C:\Users\Odin\.m2\repository\org\webjars\swagger-ui\4.18.2\swagger-ui-4.18.2.jar;C:\Users\Odin\.m2\repository\org\springframework\boot\spring-boot-devtools\3.2.3\spring-boot-devtools-3.2.3.jar;C:\Users\Odin\.m2\repository\org\springframework\boot\spring-boot\3.2.3\spring-boot-3.2.3.jar;C:\Users\Odin\.m2\repository\org\springframework\boot\spring-boot-autoconfigure\3.2.3\spring-boot-autoconfigure-3.2.3.jar;C:\Users\Odin\.m2\repository\org\postgresql\postgresql\42.6.1\postgresql-42.6.1.jar;C:\Users\Odin\.m2\repository\org\checkerframework\checker-qual\3.31.0\checker-qual-3.31.0.jar;C:\Users\Odin\.m2\repository\org\projectlombok\lombok\1.18.30\lombok-1.18.30.jar;C:\Users\Odin\.m2\repository\jakarta\xml\bind\jakarta.xml.bind-api\4.0.1\jakarta.xml.bind-api-4.0.1.jar;C:\Users\Odin\.m2\repository\jakarta\activation\jakarta.activation-api\2.1.2\jakarta.activation-api-2.1.2.jar;C:\Users\Odin\.m2\repository\org\springframework\spring-core\6.1.4\spring-core-6.1.4.jar;C:\Users\Odin\.m2\repository\org\springframework\spring-jcl\6.1.4\spring-jcl-6.1.4.jar;C:\Users\Odin\.m2\repository\org\springframework\security\spring-security-core\6.2.2\spring-security-core-6.2.2.jar;C:\Users\Odin\.m2\repository\org\springframework\security\spring-security-crypto\6.2.2\spring-security-crypto-6.2.2.jar;C:\Users\Odin\.m2\repository\org\springframework\boot\spring-boot-starter\3.2.3\spring-boot-starter-3.2.3.jar;C:\Users\Odin\.m2\repository\org\springframework\boot\spring-boot-starter-logging\3.2.3\spring-boot-starter-logging-3.2.3.jar;C:\Users\Odin\.m2\repository\ch\qos\logback\logback-classic\1.4.14\logback-classic-1.4.14.jar;C:\Users\Odin\.m2\repository\ch\qos\logback\logback-core\1.4.14\logback-core-1.4.14.jar;C:\Users\Odin\.m2\repository\org\apache\logging\log4j\log4j-to-slf4j\2.21.1\log4j-to-slf4j-2.21.1.jar;C:\Users\Odin\.m2\repository\org\apache\logging\log4j\log4j-api\2.21.1\log4j-api-2.21.1.jar;C:\Users\Odin\.m2\repository\org\slf4j\jul-to-slf4j\2.0.12\jul-to-slf4j-2.0.12.jar;C:\Users\Odin\.m2\repository\jakarta\annotation\jakarta.annotation-api\2.1.1\jakarta.annotation-api-2.1.1.jar;C:\Users\Odin\.m2\repository\org\yaml\snakeyaml\2.2\snakeyaml-2.2.jar
Launcher Type: SUN_STANDARD

[Global flags]
     intx CICompilerCount                          = 12                                        {product} {ergonomic}
     uint ConcGCThreads                            = 3                                         {product} {ergonomic}
     uint G1ConcRefinementThreads                  = 13                                        {product} {ergonomic}
   size_t G1HeapRegionSize                         = 4194304                                   {product} {ergonomic}
   size_t InitialHeapSize                          = 402653184                                 {product} {ergonomic}
     bool ManagementServer                         = true                                      {product} {command line}
   size_t MarkStackSize                            = 4194304                                   {product} {ergonomic}
   size_t MaxHeapSize                              = 6404702208                                {product} {ergonomic}
   size_t MaxNewSize                               = 3841982464                                {product} {ergonomic}
   size_t MinHeapDeltaBytes                        = 4194304                                   {product} {ergonomic}
   size_t MinHeapSize                              = 8388608                                   {product} {ergonomic}
    uintx NonNMethodCodeHeapSize                   = 4096                                   {pd product} {ergonomic}
    uintx NonProfiledCodeHeapSize                  = 0                                      {pd product} {ergonomic}
     bool ProfileInterpreter                       = false                                  {pd product} {command line}
    uintx ProfiledCodeHeapSize                     = 0                                      {pd product} {ergonomic}
     bool ShowCodeDetailsInExceptionMessages       = true                                   {manageable} {command line}
   size_t SoftMaxHeapSize                          = 6404702208                             {manageable} {ergonomic}
     intx TieredStopAtLevel                        = 1                                         {product} {command line}
     bool UseCompressedOops                        = true                           {product lp64_product} {ergonomic}
     bool UseG1GC                                  = true                                      {product} {ergonomic}
     bool UseLargePagesIndividualAllocation        = false                                  {pd product} {ergonomic}

Logging:
Log output configuration:
 #0: stdout all=warning uptime,level,tags foldmultilines=false
 #1: stderr all=off uptime,level,tags foldmultilines=false

Environment Variables:
PATH=C:\Users\Odin\.p2\pool\plugins\org.eclipse.justj.openjdk.hotspot.jre.full.win32.x86_64_22.0.1.v20240426-1149\jre\bin;C:/Users/Odin/.p2/pool/plugins/org.eclipse.justj.openjdk.hotspot.jre.full.win32.x86_64_22.0.1.v20240426-1149/jre/bin/server;C:/Users/Odin/.p2/pool/plugins/org.eclipse.justj.openjdk.hotspot.jre.full.win32.x86_64_22.0.1.v20240426-1149/jre/bin;C:\Program Files\Common Files\Oracle\Java\javapath;C:\Windows\system32;C:\Windows;C:\Windows\System32\Wbem;C:\Windows\System32\WindowsPowerShell\v1.0\;C:\Windows\System32\OpenSSH\;C:\Program Files\Microsoft SQL Server\Client SDK\ODBC\170\Tools\Binn\;C:\Program Files\dotnet\;C:\Program Files\nodejs\;C:\Program Files\Docker\Docker\resources\bin;C:\Program Files (x86)\ATI Technologies\ATI.ACE\Core-Static;C:\Program Files (x86)\Microsoft SQL Server\Client SDK\ODBC\110\Tools\Binn\;C:\Program Files (x86)\Microsoft SQL Server\120\Tools\Binn\;C:\Program Files (x86)\Microsoft SQL Server\120\DTS\Binn\;C:\Program Files (x86)\Microsoft SQL Server\120\Tools\Binn\ManagementStudio\;C:\Program Files\Microsoft SQL Server\150\Tools\Binn\;C:\Program Files\Tailscale\;C:\Program Files\MySQL\MySQL Shell 8.0\bin\;C:\Users\Odin\AppData\Local\Microsoft\WindowsApps;C:\Users\Odin\AppData\Local\Programs\Microsoft VS Code\bin;C:\Users\Odin\AppData\Local\GitHubDesktop\bin;C:\Users\Odin\.dotnet\tools;C:\Users\Odin\AppData\Roaming\npm;C:\Users\Odin\AppData\Local\Programs\cursor\resources\app\bin;C:\Users\Odin\Desktop;
USERNAME=Odin
OS=Windows_NT
PROCESSOR_IDENTIFIER=Intel64 Family 6 Model 63 Stepping 2, GenuineIntel
TMP=C:\Users\Odin\AppData\Local\Temp
TEMP=C:\Users\Odin\AppData\Local\Temp




Periodic native trim disabled

---------------  S Y S T E M  ---------------

OS:
 Windows 10 , 64 bit Build 19041 (10.0.19041.5678)
OS uptime: 3 days 17:31 hours
Hyper-V role detected

CPU: total 16 (initial active 16) (8 cores per cpu, 2 threads per core) family 6 model 63 stepping 2 microcode 0x43, cx8, cmov, fxsr, ht, mmx, sse, sse2, sse3, ssse3, sse4.1, sse4.2, popcnt, lzcnt, tsc, tscinvbit, avx, avx2, aes, erms, clmul, bmi1, bmi2, fma, vzeroupper, clflush, hv, rdtscp, f16c
Processor Information for all 16 processors :
  Max Mhz: 2601, Current Mhz: 2601, Mhz Limit: 2601

Memory: 4k page, system-wide physical 24417M (5583M free)
TotalPageFile size 35098M (AvailPageFile size 5220M)
current process WorkingSet (physical memory assigned to process): 284M, peak: 345M
current process commit charge ("private bytes"): 330M, peak: 507M

vm_info: OpenJDK 64-Bit Server VM (22.0.1+8) for windows-amd64 JRE (22.0.1+8), built on 2024-04-16T00:00:00Z by "admin" with MS VC++ 17.7 (VS2022)

END.
